<?xml version="1.0" encoding="UTF-8"?>
<!-- Generated by org.testng.reporters.JUnitReportReporter -->
<testsuite hostname="LAPTOP-HMCCQ4GQ" failures="0" tests="1" name="Test_cases.Post_TC1" time="1.257" errors="0" timestamp="2023-06-28T12:04:42 IST" skipped="0">
  <testcase classname="Test_cases.Post_TC1" name="extractor" time="1.257"/>
  <system-out/>
</testsuite> <!-- Test_cases.Post_TC1 -->
